<?xml version="1.0" encoding="UTF-8"?>
<!-- Generated by org.testng.reporters.JUnitReportReporter -->
<testsuite hostname="CSCO-W-PF34LW3M" failures="0" tests="2" name="com.flyaway.testscripts.TestRunner" time="28.972" errors="0" timestamp="2022-03-28T10:39:43 IST" skipped="0">
  <testcase classname="com.flyaway.testscripts.TestRunner" name="runScenario" time="14.247"/>
  <system-out/>
  <testcase classname="com.flyaway.testscripts.TestRunner" name="runScenario" time="14.725"/>
  <system-out/>
</testsuite> <!-- com.flyaway.testscripts.TestRunner -->
