<?xml version="1.0" encoding="UTF-8"?>
<!-- Generated by org.testng.reporters.JUnitReportReporter -->
<testsuite hostname="CSCO-W-PF34LW3M" failures="0" tests="2" name="com.flyaway.testscripts.TestRunner" time="63.695" errors="0" timestamp="2022-03-28T23:06:09 IST" skipped="0">
  <testcase classname="com.flyaway.testscripts.TestRunner" name="runScenario" time="38.225"/>
  <system-out/>
  <testcase classname="com.flyaway.testscripts.TestRunner" name="runScenario" time="25.470"/>
  <system-out/>
</testsuite> <!-- com.flyaway.testscripts.TestRunner -->
